<?xml version="1.0" encoding="UTF-8"?>
<testng-results ignored="0" total="1" passed="1" failed="0" skipped="0">
  <reporter-output>
  </reporter-output>
  <suite started-at="2023-02-02T20:52:37 IST" name="TestCases.TC01LoginTest" finished-at="2023-02-02T20:52:46 IST" duration-ms="9028">
    <groups>
    </groups>
    <test started-at="2023-02-02T20:52:37 IST" name="Command line test" finished-at="2023-02-02T20:52:46 IST" duration-ms="9028">
      <class name="TestCases.TC01LoginTest">
        <test-method is-config="true" signature="BrowserSetup()[pri:0, instance:TestCases.TC01LoginTest@52525845]" started-at="2023-02-02T20:52:37 IST" name="BrowserSetup" finished-at="2023-02-02T20:52:43 IST" duration-ms="5854" status="PASS">
          <reporter-output>
          </reporter-output>
        </test-method> <!-- BrowserSetup -->
        <test-method signature="login()[pri:0, instance:TestCases.TC01LoginTest@52525845]" started-at="2023-02-02T20:52:43 IST" name="login" finished-at="2023-02-02T20:52:45 IST" duration-ms="2773" status="PASS">
          <reporter-output>
          </reporter-output>
        </test-method> <!-- login -->
        <test-method is-config="true" signature="close()[pri:0, instance:TestCases.TC01LoginTest@52525845]" started-at="2023-02-02T20:52:45 IST" name="close" finished-at="2023-02-02T20:52:46 IST" duration-ms="318" status="PASS">
          <reporter-output>
          </reporter-output>
        </test-method> <!-- close -->
      </class> <!-- TestCases.TC01LoginTest -->
    </test> <!-- Command line test -->
  </suite> <!-- TestCases.TC01LoginTest -->
</testng-results>
