<?xml version="1.0" encoding="UTF-8"?>
<testng-results ignored="0" total="1" passed="1" failed="0" skipped="0">
  <reporter-output>
  </reporter-output>
  <suite started-at="2023-02-03T09:27:54 IST" name="Default suite" finished-at="2023-02-03T09:28:11 IST" duration-ms="16673">
    <groups>
    </groups>
    <test started-at="2023-02-03T09:27:54 IST" name="Default test" finished-at="2023-02-03T09:28:11 IST" duration-ms="16673">
      <class name="TestCases.TC01LoginTest">
        <test-method is-config="true" signature="BrowserSetup()[pri:0, instance:TestCases.TC01LoginTest@1534f01b]" started-at="2023-02-03T09:27:54 IST" name="BrowserSetup" finished-at="2023-02-03T09:28:07 IST" duration-ms="13173" status="PASS">
          <reporter-output>
          </reporter-output>
        </test-method> <!-- BrowserSetup -->
        <test-method signature="login()[pri:0, instance:TestCases.TC01LoginTest@1534f01b]" started-at="2023-02-03T09:28:07 IST" name="login" finished-at="2023-02-03T09:28:10 IST" duration-ms="3009" status="PASS">
          <reporter-output>
          </reporter-output>
        </test-method> <!-- login -->
        <test-method is-config="true" signature="close()[pri:0, instance:TestCases.TC01LoginTest@1534f01b]" started-at="2023-02-03T09:28:10 IST" name="close" finished-at="2023-02-03T09:28:11 IST" duration-ms="405" status="PASS">
          <reporter-output>
          </reporter-output>
        </test-method> <!-- close -->
      </class> <!-- TestCases.TC01LoginTest -->
    </test> <!-- Default test -->
  </suite> <!-- Default suite -->
</testng-results>
